-------------------------------------------------------------------------------
Test set: Projeto.LegPress_ESTest
-------------------------------------------------------------------------------
Tests run: 28, Failures: 0, Errors: 5, Skipped: 0, Time elapsed: 0.222 s <<< FAILURE! -- in Projeto.LegPress_ESTest
Projeto.LegPress_ESTest.test05 -- Time elapsed: 0.025 s <<< ERROR!
org.evosuite.runtime.mock.java.lang.MockNullPointerException: Tempo não pode ser nulo
	at Projeto.Atividade.setTempo(Atividade.java:93)
	at Projeto.LegPress_ESTest.test05(LegPress_ESTest.java:131)
	at java.lang.reflect.Method.invoke(Method.java:498)
	at java.util.concurrent.FutureTask.run(FutureTask.java:266)
	at java.lang.Thread.run(Thread.java:750)

Projeto.LegPress_ESTest.test07 -- Time elapsed: 0.008 s <<< ERROR!
org.evosuite.runtime.mock.java.lang.MockNullPointerException: Tempo não pode ser nulo
	at Projeto.Atividade.setTempo(Atividade.java:93)
	at Projeto.LegPress_ESTest.test07(LegPress_ESTest.java:167)
	at java.lang.reflect.Method.invoke(Method.java:498)
	at java.util.concurrent.FutureTask.run(FutureTask.java:266)
	at java.lang.Thread.run(Thread.java:750)

Projeto.LegPress_ESTest.test16 -- Time elapsed: 0.004 s <<< ERROR!
org.evosuite.runtime.mock.java.lang.MockNullPointerException: Data ou tempo não podem ser nulos
	at Projeto.Atividade.<init>(Atividade.java:48)
	at Projeto.AtivRepeticoes.<init>(AtivRepeticoes.java:37)
	at Projeto.AtivRepsPeso.<init>(AtivRepsPeso.java:37)
	at Projeto.BicepCurls.<init>(BicepCurls.java:34)
	at Projeto.LegPress_ESTest.test16(LegPress_ESTest.java:377)
	at java.lang.reflect.Method.invoke(Method.java:498)
	at java.util.concurrent.FutureTask.run(FutureTask.java:266)
	at java.lang.Thread.run(Thread.java:750)

Projeto.LegPress_ESTest.test13 -- Time elapsed: 0.004 s <<< ERROR!
org.evosuite.runtime.mock.java.lang.MockNullPointerException: Data ou tempo não podem ser nulos
	at Projeto.Atividade.<init>(Atividade.java:48)
	at Projeto.AtivRepeticoes.<init>(AtivRepeticoes.java:37)
	at Projeto.AtivRepsPeso.<init>(AtivRepsPeso.java:37)
	at Projeto.LegPress.<init>(LegPress.java:34)
	at Projeto.LegPress_ESTest.test13(LegPress_ESTest.java:317)
	at java.lang.reflect.Method.invoke(Method.java:498)
	at java.util.concurrent.FutureTask.run(FutureTask.java:266)
	at java.lang.Thread.run(Thread.java:750)

Projeto.LegPress_ESTest.test18 -- Time elapsed: 0.004 s <<< ERROR!
org.evosuite.runtime.mock.java.lang.MockNullPointerException: Data ou tempo não podem ser nulos
	at Projeto.Atividade.<init>(Atividade.java:48)
	at Projeto.AtivRepeticoes.<init>(AtivRepeticoes.java:37)
	at Projeto.AtivRepsPeso.<init>(AtivRepsPeso.java:37)
	at Projeto.LegPress.<init>(LegPress.java:34)
	at Projeto.LegPress_ESTest.test18(LegPress_ESTest.java:422)
	at java.lang.reflect.Method.invoke(Method.java:498)
	at java.util.concurrent.FutureTask.run(FutureTask.java:266)
	at java.lang.Thread.run(Thread.java:750)

