-------------------------------------------------------------------------------
Test set: Projeto.GestorDesportivo_ESTest
-------------------------------------------------------------------------------
Tests run: 80, Failures: 4, Errors: 8, Skipped: 0, Time elapsed: 0.719 s <<< FAILURE! -- in Projeto.GestorDesportivo_ESTest
Projeto.GestorDesportivo_ESTest.test55 -- Time elapsed: 0.011 s <<< ERROR!
org.evosuite.runtime.mock.java.lang.MockNullPointerException: Data ou tempo não podem ser nulos
	at Projeto.Atividade.<init>(Atividade.java:48)
	at Projeto.AtivRepeticoes.<init>(AtivRepeticoes.java:37)
	at Projeto.Abdominais.<init>(Abdominais.java:32)
	at Projeto.GestorDesportivo.addAtivRep(GestorDesportivo.java:221)
	at Projeto.GestorDesportivo_ESTest.test55(GestorDesportivo_ESTest.java:773)
	at java.lang.reflect.Method.invoke(Method.java:498)
	at java.util.concurrent.FutureTask.run(FutureTask.java:266)
	at java.lang.Thread.run(Thread.java:750)

Projeto.GestorDesportivo_ESTest.test53 -- Time elapsed: 0.005 s <<< ERROR!
org.evosuite.runtime.mock.java.lang.MockNullPointerException: Data ou tempo não podem ser nulos
	at Projeto.Atividade.<init>(Atividade.java:48)
	at Projeto.AtivDistancia.<init>(AtivDistancia.java:36)
	at Projeto.Ciclismo.<init>(Ciclismo.java:32)
	at Projeto.GestorDesportivo.addAtivDist(GestorDesportivo.java:197)
	at Projeto.GestorDesportivo_ESTest.test53(GestorDesportivo_ESTest.java:758)
	at java.lang.reflect.Method.invoke(Method.java:498)
	at java.util.concurrent.FutureTask.run(FutureTask.java:266)
	at java.lang.Thread.run(Thread.java:750)

Projeto.GestorDesportivo_ESTest.test10 -- Time elapsed: 0.005 s <<< ERROR!
org.evosuite.runtime.mock.java.lang.MockNullPointerException: Data ou tempo não podem ser nulos
	at Projeto.Atividade.<init>(Atividade.java:48)
	at Projeto.AtivRepeticoes.<init>(AtivRepeticoes.java:37)
	at Projeto.Abdominais.<init>(Abdominais.java:32)
	at Projeto.GestorDesportivo.addAtivRep(GestorDesportivo.java:221)
	at Projeto.GestorDesportivo_ESTest.test10(GestorDesportivo_ESTest.java:219)
	at java.lang.reflect.Method.invoke(Method.java:498)
	at java.util.concurrent.FutureTask.run(FutureTask.java:266)
	at java.lang.Thread.run(Thread.java:750)

Projeto.GestorDesportivo_ESTest.test13 -- Time elapsed: 0.004 s <<< ERROR!
org.evosuite.runtime.mock.java.lang.MockNullPointerException: Data ou tempo não podem ser nulos
	at Projeto.Atividade.<init>(Atividade.java:48)
	at Projeto.AtivDistancia.<init>(AtivDistancia.java:36)
	at Projeto.Corrida.<init>(Corrida.java:32)
	at Projeto.GestorDesportivo.addAtivDist(GestorDesportivo.java:194)
	at Projeto.GestorDesportivo_ESTest.test13(GestorDesportivo_ESTest.java:247)
	at java.lang.reflect.Method.invoke(Method.java:498)
	at java.util.concurrent.FutureTask.run(FutureTask.java:266)
	at java.lang.Thread.run(Thread.java:750)

Projeto.GestorDesportivo_ESTest.test50 -- Time elapsed: 0.004 s <<< ERROR!
org.evosuite.runtime.mock.java.lang.MockNullPointerException: Data ou tempo não podem ser nulos
	at Projeto.Atividade.<init>(Atividade.java:48)
	at Projeto.AtivRepeticoes.<init>(AtivRepeticoes.java:37)
	at Projeto.AtivRepsPeso.<init>(AtivRepsPeso.java:37)
	at Projeto.BicepCurls.<init>(BicepCurls.java:34)
	at Projeto.GestorDesportivo.addAtivRepsPeso(GestorDesportivo.java:236)
	at Projeto.GestorDesportivo_ESTest.test50(GestorDesportivo_ESTest.java:730)
	at java.lang.reflect.Method.invoke(Method.java:498)
	at java.util.concurrent.FutureTask.run(FutureTask.java:266)
	at java.lang.Thread.run(Thread.java:750)

Projeto.GestorDesportivo_ESTest.test08 -- Time elapsed: 0.004 s <<< FAILURE!
java.lang.AssertionError: Exception was not thrown in Projeto.GestorDesportivo but in Projeto.Atividade.<init>(Atividade.java:48): org.evosuite.runtime.mock.java.lang.MockThrowable: Data ou tempo não podem ser nulos
	at org.evosuite.runtime.EvoAssertions.assertThrownBy(EvoAssertions.java:112)
	at org.evosuite.runtime.EvoAssertions.verifyException(EvoAssertions.java:49)
	at Projeto.GestorDesportivo_ESTest.test08(GestorDesportivo_ESTest.java:202)
	at java.lang.reflect.Method.invoke(Method.java:498)
	at java.util.concurrent.FutureTask.run(FutureTask.java:266)
	at java.lang.Thread.run(Thread.java:750)

Projeto.GestorDesportivo_ESTest.test09 -- Time elapsed: 0.004 s <<< ERROR!
org.evosuite.runtime.mock.java.lang.MockNullPointerException: Data ou tempo não podem ser nulos
	at Projeto.Atividade.<init>(Atividade.java:48)
	at Projeto.AtivRepeticoes.<init>(AtivRepeticoes.java:37)
	at Projeto.AtivRepsPeso.<init>(AtivRepsPeso.java:37)
	at Projeto.BicepCurls.<init>(BicepCurls.java:34)
	at Projeto.GestorDesportivo.addAtivRepsPeso(GestorDesportivo.java:236)
	at Projeto.GestorDesportivo_ESTest.test09(GestorDesportivo_ESTest.java:211)
	at java.lang.reflect.Method.invoke(Method.java:498)
	at java.util.concurrent.FutureTask.run(FutureTask.java:266)
	at java.lang.Thread.run(Thread.java:750)

Projeto.GestorDesportivo_ESTest.test44 -- Time elapsed: 0.004 s <<< FAILURE!
java.lang.AssertionError: Exception was not thrown in Projeto.GestorDesportivo but in Projeto.Atividade.<init>(Atividade.java:48): org.evosuite.runtime.mock.java.lang.MockThrowable: Data ou tempo não podem ser nulos
	at org.evosuite.runtime.EvoAssertions.assertThrownBy(EvoAssertions.java:112)
	at org.evosuite.runtime.EvoAssertions.verifyException(EvoAssertions.java:49)
	at Projeto.GestorDesportivo_ESTest.test44(GestorDesportivo_ESTest.java:642)
	at java.lang.reflect.Method.invoke(Method.java:498)
	at java.util.concurrent.FutureTask.run(FutureTask.java:266)
	at java.lang.Thread.run(Thread.java:750)

Projeto.GestorDesportivo_ESTest.test43 -- Time elapsed: 0.003 s <<< FAILURE!
java.lang.AssertionError: Exception was not thrown in Projeto.GestorDesportivo but in Projeto.Atividade.<init>(Atividade.java:48): org.evosuite.runtime.mock.java.lang.MockThrowable: Data ou tempo não podem ser nulos
	at org.evosuite.runtime.EvoAssertions.assertThrownBy(EvoAssertions.java:112)
	at org.evosuite.runtime.EvoAssertions.verifyException(EvoAssertions.java:49)
	at Projeto.GestorDesportivo_ESTest.test43(GestorDesportivo_ESTest.java:624)
	at java.lang.reflect.Method.invoke(Method.java:498)
	at java.util.concurrent.FutureTask.run(FutureTask.java:266)
	at java.lang.Thread.run(Thread.java:750)

Projeto.GestorDesportivo_ESTest.test48 -- Time elapsed: 0.003 s <<< FAILURE!
java.lang.AssertionError: Exception was not thrown in Projeto.GestorDesportivo but in Projeto.Atividade.<init>(Atividade.java:48): org.evosuite.runtime.mock.java.lang.MockThrowable: Data ou tempo não podem ser nulos
	at org.evosuite.runtime.EvoAssertions.assertThrownBy(EvoAssertions.java:112)
	at org.evosuite.runtime.EvoAssertions.verifyException(EvoAssertions.java:49)
	at Projeto.GestorDesportivo_ESTest.test48(GestorDesportivo_ESTest.java:716)
	at java.lang.reflect.Method.invoke(Method.java:498)
	at java.util.concurrent.FutureTask.run(FutureTask.java:266)
	at java.lang.Thread.run(Thread.java:750)

Projeto.GestorDesportivo_ESTest.test49 -- Time elapsed: 0.004 s <<< ERROR!
org.evosuite.runtime.mock.java.lang.MockNullPointerException: Data ou tempo não podem ser nulos
	at Projeto.Atividade.<init>(Atividade.java:48)
	at Projeto.AtivRepeticoes.<init>(AtivRepeticoes.java:37)
	at Projeto.AtivRepsPeso.<init>(AtivRepsPeso.java:37)
	at Projeto.BenchPress.<init>(BenchPress.java:34)
	at Projeto.GestorDesportivo.addAtivRepsPeso(GestorDesportivo.java:233)
	at Projeto.GestorDesportivo_ESTest.test49(GestorDesportivo_ESTest.java:723)
	at java.lang.reflect.Method.invoke(Method.java:498)
	at java.util.concurrent.FutureTask.run(FutureTask.java:266)
	at java.lang.Thread.run(Thread.java:750)

Projeto.GestorDesportivo_ESTest.test66 -- Time elapsed: 0.003 s <<< ERROR!
org.evosuite.runtime.mock.java.lang.MockNullPointerException: Data ou tempo não podem ser nulos
	at Projeto.Atividade.<init>(Atividade.java:48)
	at Projeto.AtivRepeticoes.<init>(AtivRepeticoes.java:37)
	at Projeto.Abdominais.<init>(Abdominais.java:32)
	at Projeto.GestorDesportivo.addAtivRep(GestorDesportivo.java:221)
	at Projeto.GestorDesportivo_ESTest.test66(GestorDesportivo_ESTest.java:859)
	at java.lang.reflect.Method.invoke(Method.java:498)
	at java.util.concurrent.FutureTask.run(FutureTask.java:266)
	at java.lang.Thread.run(Thread.java:750)

