<?xml version="1.0" encoding="UTF-8"?>
<testsuite xmlns:xsi="http://www.w3.org/2001/XMLSchema-instance" xsi:noNamespaceSchemaLocation="https://maven.apache.org/surefire/maven-surefire-plugin/xsd/surefire-test-report-3.0.xsd" version="3.0" name="Projeto.Btt_ESTest" time="0.099" tests="23" errors="4" skipped="0" failures="0">
  <properties>
    <property name="awt.toolkit" value="sun.awt.X11.XToolkit"/>
    <property name="file.encoding.pkg" value="sun.io"/>
    <property name="java.specification.version" value="1.8"/>
    <property name="sun.cpu.isalist" value=""/>
    <property name="sun.jnu.encoding" value="UTF-8"/>
    <property name="java.class.path" value="/home/miguelgramoso/Desktop/ATS/Solucao1/Projeto/target/test-classes:/home/miguelgramoso/Desktop/ATS/Solucao1/Projeto/target/classes:/home/miguelgramoso/.m2/repository/org/junit/jupiter/junit-jupiter-api/5.10.2/junit-jupiter-api-5.10.2.jar:/home/miguelgramoso/.m2/repository/org/opentest4j/opentest4j/1.3.0/opentest4j-1.3.0.jar:/home/miguelgramoso/.m2/repository/org/junit/platform/junit-platform-commons/1.10.2/junit-platform-commons-1.10.2.jar:/home/miguelgramoso/.m2/repository/org/apiguardian/apiguardian-api/1.1.2/apiguardian-api-1.1.2.jar:/home/miguelgramoso/.m2/repository/junit/junit/4.13.2/junit-4.13.2.jar:/home/miguelgramoso/.m2/repository/org/hamcrest/hamcrest-core/1.3/hamcrest-core-1.3.jar:/home/miguelgramoso/.m2/repository/org/evosuite/evosuite-standalone-runtime/1.0.6/evosuite-standalone-runtime-1.0.6.jar:"/>
    <property name="java.vm.vendor" value="Arch Linux"/>
    <property name="sun.arch.data.model" value="64"/>
    <property name="java.vendor.url" value="http://java.oracle.com/"/>
    <property name="user.timezone" value=""/>
    <property name="java.vm.specification.version" value="1.8"/>
    <property name="os.name" value="Linux"/>
    <property name="user.country" value="US"/>
    <property name="sun.java.launcher" value="SUN_STANDARD"/>
    <property name="sun.boot.library.path" value="/usr/lib/jvm/java-8-openjdk/jre/lib/amd64"/>
    <property name="sun.java.command" value="/home/miguelgramoso/Desktop/ATS/Solucao1/Projeto/target/surefire/surefirebooter-20250507174042988_3.jar /home/miguelgramoso/Desktop/ATS/Solucao1/Projeto/target/surefire 2025-05-07T17-40-42_843-jvmRun1 surefire-20250507174042988_1tmp surefire_0-20250507174042988_2tmp"/>
    <property name="surefire.test.class.path" value="/home/miguelgramoso/Desktop/ATS/Solucao1/Projeto/target/test-classes:/home/miguelgramoso/Desktop/ATS/Solucao1/Projeto/target/classes:/home/miguelgramoso/.m2/repository/org/junit/jupiter/junit-jupiter-api/5.10.2/junit-jupiter-api-5.10.2.jar:/home/miguelgramoso/.m2/repository/org/opentest4j/opentest4j/1.3.0/opentest4j-1.3.0.jar:/home/miguelgramoso/.m2/repository/org/junit/platform/junit-platform-commons/1.10.2/junit-platform-commons-1.10.2.jar:/home/miguelgramoso/.m2/repository/org/apiguardian/apiguardian-api/1.1.2/apiguardian-api-1.1.2.jar:/home/miguelgramoso/.m2/repository/junit/junit/4.13.2/junit-4.13.2.jar:/home/miguelgramoso/.m2/repository/org/hamcrest/hamcrest-core/1.3/hamcrest-core-1.3.jar:/home/miguelgramoso/.m2/repository/org/evosuite/evosuite-standalone-runtime/1.0.6/evosuite-standalone-runtime-1.0.6.jar:"/>
    <property name="sun.cpu.endian" value="little"/>
    <property name="user.home" value="/home/miguelgramoso"/>
    <property name="user.language" value="en"/>
    <property name="java.specification.vendor" value="Oracle Corporation"/>
    <property name="java.home" value="/usr/lib/jvm/java-8-openjdk/jre"/>
    <property name="basedir" value="/home/miguelgramoso/Desktop/ATS/Solucao1/Projeto"/>
    <property name="file.separator" value="/"/>
    <property name="line.separator" value="&#10;"/>
    <property name="java.vm.specification.vendor" value="Oracle Corporation"/>
    <property name="java.specification.name" value="Java Platform API Specification"/>
    <property name="java.awt.graphicsenv" value="sun.awt.X11GraphicsEnvironment"/>
    <property name="surefire.real.class.path" value="/home/miguelgramoso/Desktop/ATS/Solucao1/Projeto/target/surefire/surefirebooter-20250507174042988_3.jar"/>
    <property name="sun.boot.class.path" value="/usr/lib/jvm/java-8-openjdk/jre/lib/resources.jar:/usr/lib/jvm/java-8-openjdk/jre/lib/rt.jar:/usr/lib/jvm/java-8-openjdk/jre/lib/sunrsasign.jar:/usr/lib/jvm/java-8-openjdk/jre/lib/jsse.jar:/usr/lib/jvm/java-8-openjdk/jre/lib/jce.jar:/usr/lib/jvm/java-8-openjdk/jre/lib/charsets.jar:/usr/lib/jvm/java-8-openjdk/jre/lib/jfr.jar:/usr/lib/jvm/java-8-openjdk/jre/classes"/>
    <property name="sun.management.compiler" value="HotSpot 64-Bit Tiered Compilers"/>
    <property name="java.runtime.version" value="1.8.0_452-b09"/>
    <property name="user.name" value="miguelgramoso"/>
    <property name="path.separator" value=":"/>
    <property name="os.version" value="6.14.4-zen1-2-zen"/>
    <property name="java.endorsed.dirs" value="/usr/lib/jvm/java-8-openjdk/jre/lib/endorsed"/>
    <property name="java.runtime.name" value="OpenJDK Runtime Environment"/>
    <property name="file.encoding" value="UTF-8"/>
    <property name="java.vm.name" value="OpenJDK 64-Bit Server VM"/>
    <property name="localRepository" value="/home/miguelgramoso/.m2/repository"/>
    <property name="java.vendor.url.bug" value="http://bugreport.sun.com/bugreport/"/>
    <property name="java.io.tmpdir" value="/tmp"/>
    <property name="java.version" value="1.8.0_452"/>
    <property name="user.dir" value="/home/miguelgramoso/Desktop/ATS/Solucao1/Projeto"/>
    <property name="os.arch" value="amd64"/>
    <property name="java.vm.specification.name" value="Java Virtual Machine Specification"/>
    <property name="java.awt.printerjob" value="sun.print.PSPrinterJob"/>
    <property name="sun.os.patch.level" value="unknown"/>
    <property name="java.library.path" value="/usr/java/packages/lib/amd64:/usr/lib64:/lib64:/lib:/usr/lib"/>
    <property name="java.vm.info" value="mixed mode"/>
    <property name="java.vendor" value="Arch Linux"/>
    <property name="java.vm.version" value="25.452-b09"/>
    <property name="java.specification.maintenance.version" value="6"/>
    <property name="java.ext.dirs" value="/usr/lib/jvm/java-8-openjdk/jre/lib/ext:/usr/java/packages/lib/ext"/>
    <property name="sun.io.unicode.encoding" value="UnicodeLittle"/>
    <property name="java.class.version" value="52.0"/>
  </properties>
  <testcase name="test09" classname="Projeto.Btt_ESTest" time="0.006">
    <error message="Data não pode ser nula" type="org.evosuite.runtime.mock.java.lang.MockNullPointerException"><![CDATA[org.evosuite.runtime.mock.java.lang.MockNullPointerException: Data não pode ser nula
	at Projeto.Atividade.setDataRealizacao(Atividade.java:88)
	at Projeto.Btt_ESTest.test09(Btt_ESTest.java:142)
	at java.lang.reflect.Method.invoke(Method.java:498)
	at java.util.concurrent.FutureTask.run(FutureTask.java:266)
	at java.lang.Thread.run(Thread.java:750)
]]></error>
  </testcase>
  <testcase name="test08" classname="Projeto.Btt_ESTest" time="0.003"/>
  <testcase name="test19" classname="Projeto.Btt_ESTest" time="0.004">
    <error message="Data ou tempo não podem ser nulos" type="org.evosuite.runtime.mock.java.lang.MockNullPointerException"><![CDATA[org.evosuite.runtime.mock.java.lang.MockNullPointerException: Data ou tempo não podem ser nulos
	at Projeto.Atividade.<init>(Atividade.java:48)
	at Projeto.AtivDistancia.<init>(AtivDistancia.java:36)
	at Projeto.AtivDistAltimetria.<init>(AtivDistAltimetria.java:37)
	at Projeto.Btt.<init>(Btt.java:34)
	at Projeto.Btt_ESTest.test19(Btt_ESTest.java:258)
	at java.lang.reflect.Method.invoke(Method.java:498)
	at java.util.concurrent.FutureTask.run(FutureTask.java:266)
	at java.lang.Thread.run(Thread.java:750)
]]></error>
  </testcase>
  <testcase name="test07" classname="Projeto.Btt_ESTest" time="0.004"/>
  <testcase name="test18" classname="Projeto.Btt_ESTest" time="0.004"/>
  <testcase name="test06" classname="Projeto.Btt_ESTest" time="0.002"/>
  <testcase name="test17" classname="Projeto.Btt_ESTest" time="0.002"/>
  <testcase name="test01" classname="Projeto.Btt_ESTest" time="0.005"/>
  <testcase name="test12" classname="Projeto.Btt_ESTest" time="0.002"/>
  <testcase name="test00" classname="Projeto.Btt_ESTest" time="0.002"/>
  <testcase name="test11" classname="Projeto.Btt_ESTest" time="0.001"/>
  <testcase name="test22" classname="Projeto.Btt_ESTest" time="0.002"/>
  <testcase name="test10" classname="Projeto.Btt_ESTest" time="0.002"/>
  <testcase name="test21" classname="Projeto.Btt_ESTest" time="0.001">
    <error message="Data ou tempo não podem ser nulos" type="org.evosuite.runtime.mock.java.lang.MockNullPointerException"><![CDATA[org.evosuite.runtime.mock.java.lang.MockNullPointerException: Data ou tempo não podem ser nulos
	at Projeto.Atividade.<init>(Atividade.java:48)
	at Projeto.AtivDistancia.<init>(AtivDistancia.java:36)
	at Projeto.AtivDistAltimetria.<init>(AtivDistAltimetria.java:37)
	at Projeto.Btt.<init>(Btt.java:34)
	at Projeto.Btt_ESTest.test21(Btt_ESTest.java:284)
	at java.lang.reflect.Method.invoke(Method.java:498)
	at java.util.concurrent.FutureTask.run(FutureTask.java:266)
	at java.lang.Thread.run(Thread.java:750)
]]></error>
  </testcase>
  <testcase name="test20" classname="Projeto.Btt_ESTest" time="0.002">
    <error message="Data ou tempo não podem ser nulos" type="org.evosuite.runtime.mock.java.lang.MockNullPointerException"><![CDATA[org.evosuite.runtime.mock.java.lang.MockNullPointerException: Data ou tempo não podem ser nulos
	at Projeto.Atividade.<init>(Atividade.java:48)
	at Projeto.AtivDistancia.<init>(AtivDistancia.java:36)
	at Projeto.AtivDistAltimetria.<init>(AtivDistAltimetria.java:37)
	at Projeto.Btt.<init>(Btt.java:34)
	at Projeto.Btt_ESTest.test20(Btt_ESTest.java:267)
	at java.lang.reflect.Method.invoke(Method.java:498)
	at java.util.concurrent.FutureTask.run(FutureTask.java:266)
	at java.lang.Thread.run(Thread.java:750)
]]></error>
  </testcase>
  <testcase name="test05" classname="Projeto.Btt_ESTest" time="0.006"/>
  <testcase name="test16" classname="Projeto.Btt_ESTest" time="0.002"/>
  <testcase name="test04" classname="Projeto.Btt_ESTest" time="0.001"/>
  <testcase name="test15" classname="Projeto.Btt_ESTest" time="0.001"/>
  <testcase name="test03" classname="Projeto.Btt_ESTest" time="0.002"/>
  <testcase name="test14" classname="Projeto.Btt_ESTest" time="0.002"/>
  <testcase name="test02" classname="Projeto.Btt_ESTest" time="0.002"/>
  <testcase name="test13" classname="Projeto.Btt_ESTest" time="0.002"/>
</testsuite>