-------------------------------------------------------------------------------
Test set: Projeto.Atividade_ESTest
-------------------------------------------------------------------------------
Tests run: 37, Failures: 0, Errors: 9, Skipped: 0, Time elapsed: 0.084 s <<< FAILURE! -- in Projeto.Atividade_ESTest
Projeto.Atividade_ESTest.test19 -- Time elapsed: 0.002 s <<< ERROR!
org.evosuite.runtime.mock.java.lang.MockNullPointerException: Data não pode ser nula
	at Projeto.Atividade.setDataRealizacao(Atividade.java:88)
	at Projeto.Atividade_ESTest.test19(Atividade_ESTest.java:276)
	at java.lang.reflect.Method.invoke(Method.java:498)
	at java.util.concurrent.FutureTask.run(FutureTask.java:266)
	at java.lang.Thread.run(Thread.java:750)

Projeto.Atividade_ESTest.test17 -- Time elapsed: 0.002 s <<< ERROR!
org.evosuite.runtime.mock.java.lang.MockArithmeticException: Frequência cardíaca não pode ser 0
	at Projeto.Atividade.getFatorFreqCardiaca(Atividade.java:116)
	at Projeto.Atividade_ESTest.test17(Atividade_ESTest.java:245)
	at java.lang.reflect.Method.invoke(Method.java:498)
	at java.util.concurrent.FutureTask.run(FutureTask.java:266)
	at java.lang.Thread.run(Thread.java:750)

Projeto.Atividade_ESTest.test16 -- Time elapsed: 0.002 s <<< ERROR!
org.evosuite.runtime.mock.java.lang.MockNullPointerException: Data ou tempo não podem ser nulos
	at Projeto.Atividade.<init>(Atividade.java:48)
	at Projeto.AtivDistancia.<init>(AtivDistancia.java:36)
	at Projeto.AtivDistAltimetria.<init>(AtivDistAltimetria.java:37)
	at Projeto.Trail.<init>(Trail.java:34)
	at Projeto.Atividade_ESTest.test16(Atividade_ESTest.java:226)
	at java.lang.reflect.Method.invoke(Method.java:498)
	at java.util.concurrent.FutureTask.run(FutureTask.java:266)
	at java.lang.Thread.run(Thread.java:750)

Projeto.Atividade_ESTest.test12 -- Time elapsed: 0.002 s <<< ERROR!
org.evosuite.runtime.mock.java.lang.MockNullPointerException: Data ou tempo não podem ser nulos
	at Projeto.Atividade.<init>(Atividade.java:48)
	at Projeto.AtivDistancia.<init>(AtivDistancia.java:36)
	at Projeto.AtivDistAltimetria.<init>(AtivDistAltimetria.java:37)
	at Projeto.Trail.<init>(Trail.java:34)
	at Projeto.Atividade_ESTest.test12(Atividade_ESTest.java:174)
	at java.lang.reflect.Method.invoke(Method.java:498)
	at java.util.concurrent.FutureTask.run(FutureTask.java:266)
	at java.lang.Thread.run(Thread.java:750)

Projeto.Atividade_ESTest.test32 -- Time elapsed: 0.001 s <<< ERROR!
org.evosuite.runtime.mock.java.lang.MockNullPointerException: Data não pode ser nula
	at Projeto.Atividade.setDataRealizacao(Atividade.java:88)
	at Projeto.Atividade_ESTest.test32(Atividade_ESTest.java:438)
	at java.lang.reflect.Method.invoke(Method.java:498)
	at java.util.concurrent.FutureTask.run(FutureTask.java:266)
	at java.lang.Thread.run(Thread.java:750)

Projeto.Atividade_ESTest.test09 -- Time elapsed: 0.002 s <<< ERROR!
org.evosuite.runtime.mock.java.lang.MockNullPointerException: Data ou tempo não podem ser nulos
	at Projeto.Atividade.<init>(Atividade.java:48)
	at Projeto.AtivRepeticoes.<init>(AtivRepeticoes.java:37)
	at Projeto.AtivRepsPeso.<init>(AtivRepsPeso.java:37)
	at Projeto.BicepCurls.<init>(BicepCurls.java:34)
	at Projeto.Atividade_ESTest.test09(Atividade_ESTest.java:145)
	at java.lang.reflect.Method.invoke(Method.java:498)
	at java.util.concurrent.FutureTask.run(FutureTask.java:266)
	at java.lang.Thread.run(Thread.java:750)

Projeto.Atividade_ESTest.test06 -- Time elapsed: 0.001 s <<< ERROR!
org.evosuite.runtime.mock.java.lang.MockNullPointerException: Data não pode ser nula
	at Projeto.Atividade.setDataRealizacao(Atividade.java:88)
	at Projeto.Atividade_ESTest.test06(Atividade_ESTest.java:105)
	at java.lang.reflect.Method.invoke(Method.java:498)
	at java.util.concurrent.FutureTask.run(FutureTask.java:266)
	at java.lang.Thread.run(Thread.java:750)

Projeto.Atividade_ESTest.test05 -- Time elapsed: 0.001 s <<< ERROR!
org.evosuite.runtime.mock.java.lang.MockNullPointerException: Data ou tempo não podem ser nulos
	at Projeto.Atividade.<init>(Atividade.java:48)
	at Projeto.AtivDistancia.<init>(AtivDistancia.java:36)
	at Projeto.AtivDistAltimetria.<init>(AtivDistAltimetria.java:37)
	at Projeto.Trail.<init>(Trail.java:34)
	at Projeto.Atividade_ESTest.test05(Atividade_ESTest.java:94)
	at java.lang.reflect.Method.invoke(Method.java:498)
	at java.util.concurrent.FutureTask.run(FutureTask.java:266)
	at java.lang.Thread.run(Thread.java:750)

Projeto.Atividade_ESTest.test27 -- Time elapsed: 0.002 s <<< ERROR!
org.evosuite.runtime.mock.java.lang.MockNullPointerException: Tempo não pode ser nulo
	at Projeto.Atividade.setTempo(Atividade.java:93)
	at Projeto.Atividade_ESTest.test27(Atividade_ESTest.java:378)
	at java.lang.reflect.Method.invoke(Method.java:498)
	at java.util.concurrent.FutureTask.run(FutureTask.java:266)
	at java.lang.Thread.run(Thread.java:750)

