-------------------------------------------------------------------------------
Test set: Projeto.BicepCurls_ESTest
-------------------------------------------------------------------------------
Tests run: 21, Failures: 0, Errors: 4, Skipped: 0, Time elapsed: 0.076 s <<< FAILURE! -- in Projeto.BicepCurls_ESTest
Projeto.BicepCurls_ESTest.test12 -- Time elapsed: 0.001 s <<< ERROR!
org.evosuite.runtime.mock.java.lang.MockNullPointerException: Data ou tempo não podem ser nulos
	at Projeto.Atividade.<init>(Atividade.java:48)
	at Projeto.AtivRepeticoes.<init>(AtivRepeticoes.java:37)
	at Projeto.AtivRepsPeso.<init>(AtivRepsPeso.java:37)
	at Projeto.BicepCurls.<init>(BicepCurls.java:34)
	at Projeto.BicepCurls_ESTest.test12(BicepCurls_ESTest.java:167)
	at java.lang.reflect.Method.invoke(Method.java:498)
	at java.util.concurrent.FutureTask.run(FutureTask.java:266)
	at java.lang.Thread.run(Thread.java:750)

Projeto.BicepCurls_ESTest.test22 -- Time elapsed: 0.002 s <<< ERROR!
org.evosuite.runtime.mock.java.lang.MockArithmeticException: Frequência cardíaca não pode ser 0
	at Projeto.Atividade.getFatorFreqCardiaca(Atividade.java:116)
	at Projeto.BicepCurls.consumoCalorias(BicepCurls.java:60)
	at Projeto.BicepCurls_ESTest.test22(BicepCurls_ESTest.java:385)
	at java.lang.reflect.Method.invoke(Method.java:498)
	at java.util.concurrent.FutureTask.run(FutureTask.java:266)
	at java.lang.Thread.run(Thread.java:750)

Projeto.BicepCurls_ESTest.test13 -- Time elapsed: 0.001 s <<< ERROR!
org.evosuite.runtime.mock.java.lang.MockNullPointerException: Data ou tempo não podem ser nulos
	at Projeto.Atividade.<init>(Atividade.java:48)
	at Projeto.AtivRepeticoes.<init>(AtivRepeticoes.java:37)
	at Projeto.AtivRepsPeso.<init>(AtivRepsPeso.java:37)
	at Projeto.BicepCurls.<init>(BicepCurls.java:34)
	at Projeto.BicepCurls_ESTest.test13(BicepCurls_ESTest.java:174)
	at java.lang.reflect.Method.invoke(Method.java:498)
	at java.util.concurrent.FutureTask.run(FutureTask.java:266)
	at java.lang.Thread.run(Thread.java:750)

Projeto.BicepCurls_ESTest.test18 -- Time elapsed: 0.003 s <<< ERROR!
org.evosuite.runtime.mock.java.lang.MockNullPointerException: Data ou tempo não podem ser nulos
	at Projeto.Atividade.<init>(Atividade.java:48)
	at Projeto.AtivRepeticoes.<init>(AtivRepeticoes.java:37)
	at Projeto.AtivRepsPeso.<init>(AtivRepsPeso.java:37)
	at Projeto.BicepCurls.<init>(BicepCurls.java:34)
	at Projeto.BicepCurls_ESTest.test18(BicepCurls_ESTest.java:290)
	at java.lang.reflect.Method.invoke(Method.java:498)
	at java.util.concurrent.FutureTask.run(FutureTask.java:266)
	at java.lang.Thread.run(Thread.java:750)

