<?xml version="1.0" encoding="UTF-8"?>
<testsuite xmlns:xsi="http://www.w3.org/2001/XMLSchema-instance" xsi:noNamespaceSchemaLocation="https://maven.apache.org/surefire/maven-surefire-plugin/xsd/surefire-test-report-3.0.xsd" version="3.0" name="Projeto.Btt_ESTest" time="0.099" tests="23" errors="4" skipped="0" failures="0">
  <properties>
[...]
</properties>
  <testcase name="test09" classname="Projeto.Btt_ESTest" time="0.006">
    <error message="Data não pode ser nula" type="org.evosuite.runtime.mock.java.lang.MockNullPointerException"><![CDATA[org.evosuite.runtime.mock.java.lang.MockNullPointerException: Data não pode ser nula
	at Projeto.Atividade.setDataRealizacao(Atividade.java:88)
	at Projeto.Btt_ESTest.test09(Btt_ESTest.java:142)
	at java.lang.reflect.Method.invoke(Method.java:498)
	at java.util.concurrent.FutureTask.run(FutureTask.java:266)
	at java.lang.Thread.run(Thread.java:750)
]]></error>
  </testcase>
  <testcase name="test08" classname="Projeto.Btt_ESTest" time="0.003"/>
  <testcase name="test19" classname="Projeto.Btt_ESTest" time="0.004">
    <error message="Data ou tempo não podem ser nulos" type="org.evosuite.runtime.mock.java.lang.MockNullPointerException"><![CDATA[org.evosuite.runtime.mock.java.lang.MockNullPointerException: Data ou tempo não podem ser nulos
	at Projeto.Atividade.<init>(Atividade.java:48)
	at Projeto.AtivDistancia.<init>(AtivDistancia.java:36)
	at Projeto.AtivDistAltimetria.<init>(AtivDistAltimetria.java:37)
	at Projeto.Btt.<init>(Btt.java:34)
	at Projeto.Btt_ESTest.test19(Btt_ESTest.java:258)
	at java.lang.reflect.Method.invoke(Method.java:498)
	at java.util.concurrent.FutureTask.run(FutureTask.java:266)
	at java.lang.Thread.run(Thread.java:750)
]]></error>
  </testcase>
  <testcase name="test07" classname="Projeto.Btt_ESTest" time="0.004"/>
  <testcase name="test18" classname="Projeto.Btt_ESTest" time="0.004"/>
  <testcase name="test06" classname="Projeto.Btt_ESTest" time="0.002"/>
  <testcase name="test17" classname="Projeto.Btt_ESTest" time="0.002"/>
  <testcase name="test01" classname="Projeto.Btt_ESTest" time="0.005"/>
  <testcase name="test12" classname="Projeto.Btt_ESTest" time="0.002"/>
  <testcase name="test00" classname="Projeto.Btt_ESTest" time="0.002"/>
  <testcase name="test11" classname="Projeto.Btt_ESTest" time="0.001"/>
  <testcase name="test22" classname="Projeto.Btt_ESTest" time="0.002"/>
  <testcase name="test10" classname="Projeto.Btt_ESTest" time="0.002"/>
  <testcase name="test21" classname="Projeto.Btt_ESTest" time="0.001">
    <error message="Data ou tempo não podem ser nulos" type="org.evosuite.runtime.mock.java.lang.MockNullPointerException"><![CDATA[org.evosuite.runtime.mock.java.lang.MockNullPointerException: Data ou tempo não podem ser nulos
	at Projeto.Atividade.<init>(Atividade.java:48)
	at Projeto.AtivDistancia.<init>(AtivDistancia.java:36)
	at Projeto.AtivDistAltimetria.<init>(AtivDistAltimetria.java:37)
	at Projeto.Btt.<init>(Btt.java:34)
	at Projeto.Btt_ESTest.test21(Btt_ESTest.java:284)
	at java.lang.reflect.Method.invoke(Method.java:498)
	at java.util.concurrent.FutureTask.run(FutureTask.java:266)
	at java.lang.Thread.run(Thread.java:750)
]]></error>
  </testcase>
  <testcase name="test20" classname="Projeto.Btt_ESTest" time="0.002">
    <error message="Data ou tempo não podem ser nulos" type="org.evosuite.runtime.mock.java.lang.MockNullPointerException"><![CDATA[org.evosuite.runtime.mock.java.lang.MockNullPointerException: Data ou tempo não podem ser nulos
	at Projeto.Atividade.<init>(Atividade.java:48)
	at Projeto.AtivDistancia.<init>(AtivDistancia.java:36)
	at Projeto.AtivDistAltimetria.<init>(AtivDistAltimetria.java:37)
	at Projeto.Btt.<init>(Btt.java:34)
	at Projeto.Btt_ESTest.test20(Btt_ESTest.java:267)
	at java.lang.reflect.Method.invoke(Method.java:498)
	at java.util.concurrent.FutureTask.run(FutureTask.java:266)
	at java.lang.Thread.run(Thread.java:750)
]]></error>
  </testcase>
  <testcase name="test05" classname="Projeto.Btt_ESTest" time="0.006"/>
  <testcase name="test16" classname="Projeto.Btt_ESTest" time="0.002"/>
  <testcase name="test04" classname="Projeto.Btt_ESTest" time="0.001"/>
  <testcase name="test15" classname="Projeto.Btt_ESTest" time="0.001"/>
  <testcase name="test03" classname="Projeto.Btt_ESTest" time="0.002"/>
  <testcase name="test14" classname="Projeto.Btt_ESTest" time="0.002"/>
  <testcase name="test02" classname="Projeto.Btt_ESTest" time="0.002"/>
  <testcase name="test13" classname="Projeto.Btt_ESTest" time="0.002"/>
</testsuite>