<?xml version="1.0" encoding="UTF-8"?>
<testsuite xmlns:xsi="http://www.w3.org/2001/XMLSchema-instance" xsi:noNamespaceSchemaLocation="https://maven.apache.org/surefire/maven-surefire-plugin/xsd/surefire-test-report-3.0.xsd" version="3.0" name="Projeto.GestorDesportivo_ESTest" time="0.719" tests="80" errors="8" skipped="0" failures="4">
  <properties>
[...]
</properties>
  <testcase name="test19" classname="Projeto.GestorDesportivo_ESTest" time="0.04">
    <system-err><![CDATA[SLF4J: Failed to load class "org.slf4j.impl.StaticLoggerBinder".
SLF4J: Defaulting to no-operation (NOP) logger implementation
SLF4J: See http://www.slf4j.org/codes.html#StaticLoggerBinder for further details.
]]></system-err>
  </testcase>
  <testcase name="test17" classname="Projeto.GestorDesportivo_ESTest" time="0.007"/>
  <testcase name="test18" classname="Projeto.GestorDesportivo_ESTest" time="0.007"/>
  <testcase name="test11" classname="Projeto.GestorDesportivo_ESTest" time="0.005"/>
  <testcase name="test55" classname="Projeto.GestorDesportivo_ESTest" time="0.011">
    <error message="Data ou tempo não podem ser nulos" type="org.evosuite.runtime.mock.java.lang.MockNullPointerException"><![CDATA[org.evosuite.runtime.mock.java.lang.MockNullPointerException: Data ou tempo não podem ser nulos
	at Projeto.Atividade.<init>(Atividade.java:48)
	at Projeto.AtivRepeticoes.<init>(AtivRepeticoes.java:37)
	at Projeto.Abdominais.<init>(Abdominais.java:32)
	at Projeto.GestorDesportivo.addAtivRep(GestorDesportivo.java:221)
	at Projeto.GestorDesportivo_ESTest.test55(GestorDesportivo_ESTest.java:773)
	at java.lang.reflect.Method.invoke(Method.java:498)
	at java.util.concurrent.FutureTask.run(FutureTask.java:266)
	at java.lang.Thread.run(Thread.java:750)
]]></error>
  </testcase>
  <testcase name="test12" classname="Projeto.GestorDesportivo_ESTest" time="0.005"/>
  <testcase name="test56" classname="Projeto.GestorDesportivo_ESTest" time="0.006"/>
  <testcase name="test53" classname="Projeto.GestorDesportivo_ESTest" time="0.005">
    <error message="Data ou tempo não podem ser nulos" type="org.evosuite.runtime.mock.java.lang.MockNullPointerException"><![CDATA[org.evosuite.runtime.mock.java.lang.MockNullPointerException: Data ou tempo não podem ser nulos
	at Projeto.Atividade.<init>(Atividade.java:48)
	at Projeto.AtivDistancia.<init>(AtivDistancia.java:36)
	at Projeto.Ciclismo.<init>(Ciclismo.java:32)
	at Projeto.GestorDesportivo.addAtivDist(GestorDesportivo.java:197)
	at Projeto.GestorDesportivo_ESTest.test53(GestorDesportivo_ESTest.java:758)
	at java.lang.reflect.Method.invoke(Method.java:498)
	at java.util.concurrent.FutureTask.run(FutureTask.java:266)
	at java.lang.Thread.run(Thread.java:750)
]]></error>
  </testcase>
  <testcase name="test10" classname="Projeto.GestorDesportivo_ESTest" time="0.005">
    <error message="Data ou tempo não podem ser nulos" type="org.evosuite.runtime.mock.java.lang.MockNullPointerException"><![CDATA[org.evosuite.runtime.mock.java.lang.MockNullPointerException: Data ou tempo não podem ser nulos
	at Projeto.Atividade.<init>(Atividade.java:48)
	at Projeto.AtivRepeticoes.<init>(AtivRepeticoes.java:37)
	at Projeto.Abdominais.<init>(Abdominais.java:32)
	at Projeto.GestorDesportivo.addAtivRep(GestorDesportivo.java:221)
	at Projeto.GestorDesportivo_ESTest.test10(GestorDesportivo_ESTest.java:219)
	at java.lang.reflect.Method.invoke(Method.java:498)
	at java.util.concurrent.FutureTask.run(FutureTask.java:266)
	at java.lang.Thread.run(Thread.java:750)
]]></error>
  </testcase>
  <testcase name="test54" classname="Projeto.GestorDesportivo_ESTest" time="0.004"/>
  <testcase name="test15" classname="Projeto.GestorDesportivo_ESTest" time="0.008"/>
  <testcase name="test59" classname="Projeto.GestorDesportivo_ESTest" time="0.005"/>
  <testcase name="test16" classname="Projeto.GestorDesportivo_ESTest" time="0.005"/>
  <testcase name="test13" classname="Projeto.GestorDesportivo_ESTest" time="0.004">
    <error message="Data ou tempo não podem ser nulos" type="org.evosuite.runtime.mock.java.lang.MockNullPointerException"><![CDATA[org.evosuite.runtime.mock.java.lang.MockNullPointerException: Data ou tempo não podem ser nulos
	at Projeto.Atividade.<init>(Atividade.java:48)
	at Projeto.AtivDistancia.<init>(AtivDistancia.java:36)
	at Projeto.Corrida.<init>(Corrida.java:32)
	at Projeto.GestorDesportivo.addAtivDist(GestorDesportivo.java:194)
	at Projeto.GestorDesportivo_ESTest.test13(GestorDesportivo_ESTest.java:247)
	at java.lang.reflect.Method.invoke(Method.java:498)
	at java.util.concurrent.FutureTask.run(FutureTask.java:266)
	at java.lang.Thread.run(Thread.java:750)
]]></error>
  </testcase>
  <testcase name="test57" classname="Projeto.GestorDesportivo_ESTest" time="0.004"/>
  <testcase name="test14" classname="Projeto.GestorDesportivo_ESTest" time="0.01"/>
  <testcase name="test58" classname="Projeto.GestorDesportivo_ESTest" time="0.004"/>
  <testcase name="test51" classname="Projeto.GestorDesportivo_ESTest" time="0.004"/>
  <testcase name="test52" classname="Projeto.GestorDesportivo_ESTest" time="0.004"/>
  <testcase name="test50" classname="Projeto.GestorDesportivo_ESTest" time="0.004">
    <error message="Data ou tempo não podem ser nulos" type="org.evosuite.runtime.mock.java.lang.MockNullPointerException"><![CDATA[org.evosuite.runtime.mock.java.lang.MockNullPointerException: Data ou tempo não podem ser nulos
	at Projeto.Atividade.<init>(Atividade.java:48)
	at Projeto.AtivRepeticoes.<init>(AtivRepeticoes.java:37)
	at Projeto.AtivRepsPeso.<init>(AtivRepsPeso.java:37)
	at Projeto.BicepCurls.<init>(BicepCurls.java:34)
	at Projeto.GestorDesportivo.addAtivRepsPeso(GestorDesportivo.java:236)
	at Projeto.GestorDesportivo_ESTest.test50(GestorDesportivo_ESTest.java:730)
	at java.lang.reflect.Method.invoke(Method.java:498)
	at java.util.concurrent.FutureTask.run(FutureTask.java:266)
	at java.lang.Thread.run(Thread.java:750)
]]></error>
  </testcase>
  <testcase name="test08" classname="Projeto.GestorDesportivo_ESTest" time="0.004">
    <failure message="Exception was not thrown in Projeto.GestorDesportivo but in Projeto.Atividade.&lt;init&gt;(Atividade.java:48): org.evosuite.runtime.mock.java.lang.MockThrowable: Data ou tempo não podem ser nulos" type="java.lang.AssertionError"><![CDATA[java.lang.AssertionError: Exception was not thrown in Projeto.GestorDesportivo but in Projeto.Atividade.<init>(Atividade.java:48): org.evosuite.runtime.mock.java.lang.MockThrowable: Data ou tempo não podem ser nulos
	at org.evosuite.runtime.EvoAssertions.assertThrownBy(EvoAssertions.java:112)
	at org.evosuite.runtime.EvoAssertions.verifyException(EvoAssertions.java:49)
	at Projeto.GestorDesportivo_ESTest.test08(GestorDesportivo_ESTest.java:202)
	at java.lang.reflect.Method.invoke(Method.java:498)
	at java.util.concurrent.FutureTask.run(FutureTask.java:266)
	at java.lang.Thread.run(Thread.java:750)
]]></failure>
  </testcase>
  <testcase name="test09" classname="Projeto.GestorDesportivo_ESTest" time="0.004">
    <error message="Data ou tempo não podem ser nulos" type="org.evosuite.runtime.mock.java.lang.MockNullPointerException"><![CDATA[org.evosuite.runtime.mock.java.lang.MockNullPointerException: Data ou tempo não podem ser nulos
	at Projeto.Atividade.<init>(Atividade.java:48)
	at Projeto.AtivRepeticoes.<init>(AtivRepeticoes.java:37)
	at Projeto.AtivRepsPeso.<init>(AtivRepsPeso.java:37)
	at Projeto.BicepCurls.<init>(BicepCurls.java:34)
	at Projeto.GestorDesportivo.addAtivRepsPeso(GestorDesportivo.java:236)
	at Projeto.GestorDesportivo_ESTest.test09(GestorDesportivo_ESTest.java:211)
	at java.lang.reflect.Method.invoke(Method.java:498)
	at java.util.concurrent.FutureTask.run(FutureTask.java:266)
	at java.lang.Thread.run(Thread.java:750)
]]></error>
  </testcase>
  <testcase name="test06" classname="Projeto.GestorDesportivo_ESTest" time="0.004"/>
  <testcase name="test07" classname="Projeto.GestorDesportivo_ESTest" time="0.004"/>
  <testcase name="test00" classname="Projeto.GestorDesportivo_ESTest" time="0.005">
    <system-out><![CDATA[Ok

]]></system-out>
  </testcase>
  <testcase name="test44" classname="Projeto.GestorDesportivo_ESTest" time="0.004">
    <failure message="Exception was not thrown in Projeto.GestorDesportivo but in Projeto.Atividade.&lt;init&gt;(Atividade.java:48): org.evosuite.runtime.mock.java.lang.MockThrowable: Data ou tempo não podem ser nulos" type="java.lang.AssertionError"><![CDATA[java.lang.AssertionError: Exception was not thrown in Projeto.GestorDesportivo but in Projeto.Atividade.<init>(Atividade.java:48): org.evosuite.runtime.mock.java.lang.MockThrowable: Data ou tempo não podem ser nulos
	at org.evosuite.runtime.EvoAssertions.assertThrownBy(EvoAssertions.java:112)
	at org.evosuite.runtime.EvoAssertions.verifyException(EvoAssertions.java:49)
	at Projeto.GestorDesportivo_ESTest.test44(GestorDesportivo_ESTest.java:642)
	at java.lang.reflect.Method.invoke(Method.java:498)
	at java.util.concurrent.FutureTask.run(FutureTask.java:266)
	at java.lang.Thread.run(Thread.java:750)
]]></failure>
  </testcase>
  <testcase name="test01" classname="Projeto.GestorDesportivo_ESTest" time="0.004"/>
  <testcase name="test45" classname="Projeto.GestorDesportivo_ESTest" time="0.004"/>
  <testcase name="test42" classname="Projeto.GestorDesportivo_ESTest" time="0.003"/>
  <testcase name="test43" classname="Projeto.GestorDesportivo_ESTest" time="0.003">
    <failure message="Exception was not thrown in Projeto.GestorDesportivo but in Projeto.Atividade.&lt;init&gt;(Atividade.java:48): org.evosuite.runtime.mock.java.lang.MockThrowable: Data ou tempo não podem ser nulos" type="java.lang.AssertionError"><![CDATA[java.lang.AssertionError: Exception was not thrown in Projeto.GestorDesportivo but in Projeto.Atividade.<init>(Atividade.java:48): org.evosuite.runtime.mock.java.lang.MockThrowable: Data ou tempo não podem ser nulos
	at org.evosuite.runtime.EvoAssertions.assertThrownBy(EvoAssertions.java:112)
	at org.evosuite.runtime.EvoAssertions.verifyException(EvoAssertions.java:49)
	at Projeto.GestorDesportivo_ESTest.test43(GestorDesportivo_ESTest.java:624)
	at java.lang.reflect.Method.invoke(Method.java:498)
	at java.util.concurrent.FutureTask.run(FutureTask.java:266)
	at java.lang.Thread.run(Thread.java:750)
]]></failure>
  </testcase>
  <testcase name="test04" classname="Projeto.GestorDesportivo_ESTest" time="0.003"/>
  <testcase name="test48" classname="Projeto.GestorDesportivo_ESTest" time="0.003">
    <failure message="Exception was not thrown in Projeto.GestorDesportivo but in Projeto.Atividade.&lt;init&gt;(Atividade.java:48): org.evosuite.runtime.mock.java.lang.MockThrowable: Data ou tempo não podem ser nulos" type="java.lang.AssertionError"><![CDATA[java.lang.AssertionError: Exception was not thrown in Projeto.GestorDesportivo but in Projeto.Atividade.<init>(Atividade.java:48): org.evosuite.runtime.mock.java.lang.MockThrowable: Data ou tempo não podem ser nulos
	at org.evosuite.runtime.EvoAssertions.assertThrownBy(EvoAssertions.java:112)
	at org.evosuite.runtime.EvoAssertions.verifyException(EvoAssertions.java:49)
	at Projeto.GestorDesportivo_ESTest.test48(GestorDesportivo_ESTest.java:716)
	at java.lang.reflect.Method.invoke(Method.java:498)
	at java.util.concurrent.FutureTask.run(FutureTask.java:266)
	at java.lang.Thread.run(Thread.java:750)
]]></failure>
  </testcase>
  <testcase name="test05" classname="Projeto.GestorDesportivo_ESTest" time="0.004"/>
  <testcase name="test49" classname="Projeto.GestorDesportivo_ESTest" time="0.004">
    <error message="Data ou tempo não podem ser nulos" type="org.evosuite.runtime.mock.java.lang.MockNullPointerException"><![CDATA[org.evosuite.runtime.mock.java.lang.MockNullPointerException: Data ou tempo não podem ser nulos
	at Projeto.Atividade.<init>(Atividade.java:48)
	at Projeto.AtivRepeticoes.<init>(AtivRepeticoes.java:37)
	at Projeto.AtivRepsPeso.<init>(AtivRepsPeso.java:37)
	at Projeto.BenchPress.<init>(BenchPress.java:34)
	at Projeto.GestorDesportivo.addAtivRepsPeso(GestorDesportivo.java:233)
	at Projeto.GestorDesportivo_ESTest.test49(GestorDesportivo_ESTest.java:723)
	at java.lang.reflect.Method.invoke(Method.java:498)
	at java.util.concurrent.FutureTask.run(FutureTask.java:266)
	at java.lang.Thread.run(Thread.java:750)
]]></error>
  </testcase>
  <testcase name="test02" classname="Projeto.GestorDesportivo_ESTest" time="0.003"/>
  <testcase name="test46" classname="Projeto.GestorDesportivo_ESTest" time="0.004"/>
  <testcase name="test03" classname="Projeto.GestorDesportivo_ESTest" time="0.004"/>
  <testcase name="test47" classname="Projeto.GestorDesportivo_ESTest" time="0.003"/>
  <testcase name="test40" classname="Projeto.GestorDesportivo_ESTest" time="0.003"/>
  <testcase name="test41" classname="Projeto.GestorDesportivo_ESTest" time="0.004"/>
  <testcase name="test39" classname="Projeto.GestorDesportivo_ESTest" time="0.003"/>
  <testcase name="test33" classname="Projeto.GestorDesportivo_ESTest" time="0.005"/>
  <testcase name="test77" classname="Projeto.GestorDesportivo_ESTest" time="0.004"/>
  <testcase name="test34" classname="Projeto.GestorDesportivo_ESTest" time="0.004"/>
  <testcase name="test78" classname="Projeto.GestorDesportivo_ESTest" time="0.003"/>
  <testcase name="test31" classname="Projeto.GestorDesportivo_ESTest" time="0.003"/>
  <testcase name="test75" classname="Projeto.GestorDesportivo_ESTest" time="0.005"/>
  <testcase name="test32" classname="Projeto.GestorDesportivo_ESTest" time="0.004"/>
  <testcase name="test76" classname="Projeto.GestorDesportivo_ESTest" time="0.003"/>
  <testcase name="test37" classname="Projeto.GestorDesportivo_ESTest" time="0.004"/>
  <testcase name="test38" classname="Projeto.GestorDesportivo_ESTest" time="0.006"/>
  <testcase name="test35" classname="Projeto.GestorDesportivo_ESTest" time="0.003"/>
  <testcase name="test79" classname="Projeto.GestorDesportivo_ESTest" time="0.004"/>
  <testcase name="test36" classname="Projeto.GestorDesportivo_ESTest" time="0.004"/>
  <testcase name="test70" classname="Projeto.GestorDesportivo_ESTest" time="0.005"/>
  <testcase name="test73" classname="Projeto.GestorDesportivo_ESTest" time="0.005"/>
  <testcase name="test30" classname="Projeto.GestorDesportivo_ESTest" time="0.005"/>
  <testcase name="test74" classname="Projeto.GestorDesportivo_ESTest" time="0.005"/>
  <testcase name="test71" classname="Projeto.GestorDesportivo_ESTest" time="0.002"/>
  <testcase name="test72" classname="Projeto.GestorDesportivo_ESTest" time="0.002"/>
  <testcase name="test28" classname="Projeto.GestorDesportivo_ESTest" time="0.006"/>
  <testcase name="test29" classname="Projeto.GestorDesportivo_ESTest" time="0.003"/>
  <testcase name="test22" classname="Projeto.GestorDesportivo_ESTest" time="0.008"/>
  <testcase name="test66" classname="Projeto.GestorDesportivo_ESTest" time="0.003">
    <error message="Data ou tempo não podem ser nulos" type="org.evosuite.runtime.mock.java.lang.MockNullPointerException"><![CDATA[org.evosuite.runtime.mock.java.lang.MockNullPointerException: Data ou tempo não podem ser nulos
	at Projeto.Atividade.<init>(Atividade.java:48)
	at Projeto.AtivRepeticoes.<init>(AtivRepeticoes.java:37)
	at Projeto.Abdominais.<init>(Abdominais.java:32)
	at Projeto.GestorDesportivo.addAtivRep(GestorDesportivo.java:221)
	at Projeto.GestorDesportivo_ESTest.test66(GestorDesportivo_ESTest.java:859)
	at java.lang.reflect.Method.invoke(Method.java:498)
	at java.util.concurrent.FutureTask.run(FutureTask.java:266)
	at java.lang.Thread.run(Thread.java:750)
]]></error>
  </testcase>
  <testcase name="test23" classname="Projeto.GestorDesportivo_ESTest" time="0.01">
    <system-out><![CDATA[Ok

]]></system-out>
  </testcase>
  <testcase name="test67" classname="Projeto.GestorDesportivo_ESTest" time="0.002"/>
  <testcase name="test20" classname="Projeto.GestorDesportivo_ESTest" time="0.003"/>
  <testcase name="test64" classname="Projeto.GestorDesportivo_ESTest" time="0.003"/>
  <testcase name="test21" classname="Projeto.GestorDesportivo_ESTest" time="0.003"/>
  <testcase name="test65" classname="Projeto.GestorDesportivo_ESTest" time="0.003"/>
  <testcase name="test26" classname="Projeto.GestorDesportivo_ESTest" time="0.003"/>
  <testcase name="test27" classname="Projeto.GestorDesportivo_ESTest" time="0.003"/>
  <testcase name="test24" classname="Projeto.GestorDesportivo_ESTest" time="0.003">
    <system-out><![CDATA[Ok

]]></system-out>
  </testcase>
  <testcase name="test68" classname="Projeto.GestorDesportivo_ESTest" time="0.003"/>
  <testcase name="test25" classname="Projeto.GestorDesportivo_ESTest" time="0.004">
    <system-out><![CDATA[Ok

]]></system-out>
  </testcase>
  <testcase name="test69" classname="Projeto.GestorDesportivo_ESTest" time="0.002"/>
  <testcase name="test62" classname="Projeto.GestorDesportivo_ESTest" time="0.004"/>
  <testcase name="test63" classname="Projeto.GestorDesportivo_ESTest" time="0.004"/>
  <testcase name="test60" classname="Projeto.GestorDesportivo_ESTest" time="0.004"/>
  <testcase name="test61" classname="Projeto.GestorDesportivo_ESTest" time="0.004"/>
</testsuite>